<?xml version="1.0" encoding="UTF-8"?>
<!-- Generated by org.testng.reporters.JUnitReportReporter -->
<testsuite hostname="DESKTOP-HECQFQ3" failures="0" tests="1" name="com.bestbuy.testcases.IndexPageTest" time="39.143" errors="0" timestamp="2023-10-26T14:14:07 IST" skipped="0">
  <testcase classname="com.bestbuy.testcases.IndexPageTest" name="validateURL" time="39.143"/>
</testsuite> <!-- com.bestbuy.testcases.IndexPageTest -->
